<?xml version="1.0" encoding="UTF-8"?>
<!-- Generated by org.testng.reporters.JUnitReportReporter -->
<testsuite hostname="DESKTOP-BQNI2NH" name="webtable.firstcoloumndata" tests="1" failures="0" timestamp="26 Jan 2023 09:33:42 GMT" time="2.006" errors="0">
  <testcase name="firstrowoffirstcelldata" time="2.006" classname="webtable.firstcoloumndata"/>
</testsuite> <!-- webtable.firstcoloumndata -->
