<?xml version="1.0" encoding="UTF-8"?>
<!-- Generated by org.testng.reporters.JUnitReportReporter -->
<testsuite hostname="DESKTOP-BQNI2NH" name="webtable.firstrowoffirstcellintimeanddate" tests="1" failures="0" timestamp="24 Jan 2023 10:39:54 GMT" time="47.161" errors="0">
  <testcase name="capturingfirstrowoffirstcelldata" time="47.161" classname="webtable.firstrowoffirstcellintimeanddate"/>
</testsuite> <!-- webtable.firstrowoffirstcellintimeanddate -->
