<?xml version="1.0" encoding="UTF-8"?>
<!-- Generated by org.testng.reporters.JUnitReportReporter -->
<testsuite hostname="DESKTOP-BQNI2NH" name="com.cookies.Facebookapplication" tests="1" failures="0" timestamp="2 Feb 2023 10:10:48 GMT" time="11.529" errors="0">
  <testcase name="handlingcookies" time="11.529" classname="com.cookies.Facebookapplication"/>
</testsuite> <!-- com.cookies.Facebookapplication -->
