<?xml version="1.0" encoding="UTF-8"?>
<!-- Generated by org.testng.reporters.JUnitReportReporter -->
<testsuite hostname="DESKTOP-BQNI2NH" name="handlingscrolbar.livetech" tests="1" failures="0" timestamp="4 Feb 2023 10:16:06 GMT" time="13.376" errors="0">
  <testcase name="scrollbarHandling" time="13.376" classname="handlingscrolbar.livetech"/>
</testsuite> <!-- handlingscrolbar.livetech -->
