<?xml version="1.0" encoding="UTF-8"?>
<!-- Generated by org.testng.reporters.JUnitReportReporter -->
<testsuite hostname="DESKTOP-BQNI2NH" name="webtable.capturefirstcolumndatainwebtable" tests="1" failures="0" timestamp="26 Jan 2023 09:46:23 GMT" time="1.499" errors="0">
  <testcase name="firstrowoffirstcelldata" time="1.499" classname="webtable.capturefirstcolumndatainwebtable"/>
</testsuite> <!-- webtable.capturefirstcolumndatainwebtable -->
