<?xml version="1.0" encoding="UTF-8"?>
<!-- Generated by org.testng.reporters.JUnitReportReporter -->
<testsuite hostname="DESKTOP-BQNI2NH" name="testng.Annotations1" tests="3" failures="0" timestamp="24 Jan 2023 09:58:15 GMT" time="0.000" errors="0">
  <testcase name="applicationlaunch" time="0.000" classname="testng.Annotations1"/>
  <testcase name="inbox" time="0.000" classname="testng.Annotations1"/>
  <testcase name="composemail" time="0.000" classname="testng.Annotations1"/>
</testsuite> <!-- testng.Annotations1 -->
