<?xml version="1.0" encoding="UTF-8"?>
<!-- Generated by org.testng.reporters.JUnitReportReporter -->
<testsuite hostname="DESKTOP-BQNI2NH" name="testng.Annotations3" tests="2" failures="0" timestamp="24 Jan 2023 09:58:15 GMT" time="0.016" errors="0">
  <testcase name="inbox" time="0.000" classname="testng.Annotations3"/>
  <testcase name="composemail" time="0.016" classname="testng.Annotations3"/>
</testsuite> <!-- testng.Annotations3 -->
